2020-12-14 08:23:40,281  INFO - HHH000204: Processing PersistenceUnitInfo [name: PeopleOfMarket]
2020-12-14 08:23:40,422  INFO - HHH000412: Hibernate Core {5.4.2.Final}
2020-12-14 08:23:40,608  INFO - HCANN000001: Hibernate Commons Annotations {5.1.0.Final}
2020-12-14 08:23:41,050  WARN - HHH10001002: Using Hibernate built-in connection pool (not for production use!)
2020-12-14 08:23:41,151  INFO - HHH10001005: using driver [oracle.jdbc.OracleDriver] at URL [jdbc:oracle:thin:@127.0.0.1:1521:xe]
2020-12-14 08:23:41,151  INFO - HHH10001001: Connection properties: {user=SCOTT, password=****}
2020-12-14 08:23:41,151  INFO - HHH10001003: Autocommit mode: false
2020-12-14 08:23:41,154  INFO - HHH000115: Hibernate connection pool size: 20 (min=1)
2020-12-14 08:23:41,752  INFO - HHH000400: Using dialect: org.hibernate.dialect.Oracle10gDialect
2020-12-14 08:23:42,880  INFO - HHH000490: Using JtaPlatform implementation: [org.hibernate.engine.transaction.jta.platform.internal.NoJtaPlatform]
2020-12-14 08:23:42,985  INFO - 마트 추가
2020-12-14 08:23:43,069  INFO - 마트 추가
2020-12-14 08:23:43,071  INFO - 마트 추가
2020-12-14 08:23:43,076  INFO - 마트 추가
2020-12-14 08:23:43,078  INFO - 마트 추가
2020-12-14 08:23:43,080  INFO - 모든 마트 검색
2020-12-14 08:23:43,126  INFO - 마트 검색 : GS마트
2020-12-14 08:23:43,134  INFO - 마트 수정 : 2 -> 레몬마트마포구
2020-12-14 08:23:43,136  INFO - 모든 마트 검색
2020-12-14 08:23:43,141  INFO - 상품 추가 : 백산수1L 1200원
2020-12-14 08:23:43,145  INFO - 상품 추가 : 에비앙1L 10000원
2020-12-14 08:23:43,146  INFO - 상품 추가 : 삼다수1L 1400원
2020-12-14 08:23:43,148  INFO - 상품 추가 : 몽쉘통통12개입 3000원
2020-12-14 08:23:43,149  INFO - 상품 추가 : 초코파이12개입 3000원
2020-12-14 08:23:43,151  INFO - 상품 추가 : 콘푸라이트 4000원
2020-12-14 08:23:43,153  INFO - 상품 추가 : 오곡코코볼 4000원
2020-12-14 08:23:43,154  INFO - 상품 추가 : 바나나 3000원
2020-12-14 08:23:43,156  INFO - 상품 추가 : 벗겨먹는고오스 800원
2020-12-14 08:23:43,158  INFO - 모든 상품 조회
2020-12-14 08:23:43,166  INFO - 상품 검색 : 벗겨먹는고오스
2020-12-14 08:23:43,169  INFO - 상품 수정 : 8 -> 사과 1500원
2020-12-14 08:23:43,174  INFO - 모든 상품 조회
2020-12-14 08:23:43,194  INFO - 주문 : Orders(orderId=152, orderNumber=1, martNumber=Mart(martNumber=2, martName=레몬마트, location=마포구), productNumber=Product(productNo=9, productName=벗겨먹는고오스, price=800), amount=10, totalPrice=8000, pickupDate=20/12/05, pickupTime=08:30, ispickup=1)
2020-12-14 08:23:43,199  INFO - 주문 : Orders(orderId=153, orderNumber=1, martNumber=Mart(martNumber=2, martName=레몬마트, location=마포구), productNumber=Product(productNo=8, productName=사과, price=1500), amount=10, totalPrice=15000, pickupDate=20/12/05, pickupTime=08:30, ispickup=1)
2020-12-14 08:23:43,203  INFO - 주문 : Orders(orderId=154, orderNumber=2, martNumber=Mart(martNumber=3, martName=롯데마트, location=서초구), productNumber=Product(productNo=6, productName=콘푸라이트, price=4000), amount=1, totalPrice=4000, pickupDate=20/12/05, pickupTime=08:30, ispickup=1)
2020-12-14 08:23:43,204  INFO - 모든 주문 조회
2020-12-14 08:23:43,208  INFO - 마트별 주문 검색 : 2
2020-12-14 08:23:43,227  INFO - 주문 수정 : 104 -> 20/12/06 09:30
2020-12-14 08:23:43,249  INFO - 모든 주문 조회
2020-12-14 08:23:43,256  INFO - 상품 주문 취소 : 2
2020-12-14 08:23:43,259  INFO - 모든 주문 조회
2020-12-14 08:23:43,283  INFO - 주문 전체 취소 : 1
2020-12-14 08:23:43,289  INFO - 모든 주문 조회
2020-12-14 08:23:43,304  INFO - 수령 완료 : 2
2020-12-14 08:23:43,315  INFO - 모든 주문 조회
